{
  "RSpec": {
    "coverage": {
      "/Users/Dio22/Makers_Academy/Weekly_Challenges/Week6_Makers_bnb/MakersBnB/app/app.rb": [
        null,
        1,
        1,
        1,
        1,
        null,
        null,
        1,
        null,
        1,
        2,
        null,
        null,
        1,
        1,
        1,
        null,
        null,
        1,
        1,
        null,
        null,
        1,
        1,
        1,
        1,
        null,
        null,
        null,
        null,
        null,
        1,
        null
      ],
      "/Users/Dio22/Makers_Academy/Weekly_Challenges/Week6_Makers_bnb/MakersBnB/app/models/data_mapper_setup.rb": [
        1,
        1,
        null,
        1,
        1,
        null,
        null,
        1,
        1,
        1
      ],
      "/Users/Dio22/Makers_Academy/Weekly_Challenges/Week6_Makers_bnb/MakersBnB/app/models/user.rb": [
        1,
        1,
        1,
        null,
        1,
        1,
        null,
        1,
        null,
        1,
        null,
        null,
        1,
        null,
        null
      ],
      "/Users/Dio22/Makers_Academy/Weekly_Challenges/Week6_Makers_bnb/MakersBnB/app/models/space.rb": [
        1,
        1,
        null,
        1,
        1,
        null,
        1,
        1,
        1,
        1,
        1,
        null
      ],
      "/Users/Dio22/Makers_Academy/Weekly_Challenges/Week6_Makers_bnb/MakersBnB/spec/features/login_spec.rb": [
        1,
        null,
        1,
        1,
        1,
        1,
        1,
        1,
        null,
        null
      ],
      "/Users/Dio22/Makers_Academy/Weekly_Challenges/Week6_Makers_bnb/MakersBnB/spec/features/signup_spec.rb": [
        1,
        null,
        1,
        1,
        1,
        1,
        1,
        1,
        null,
        null
      ],
      "/Users/Dio22/Makers_Academy/Weekly_Challenges/Week6_Makers_bnb/MakersBnB/spec/units/space_spec.rb": [
        1,
        null,
        1,
        5,
        1,
        1,
        null,
        1,
        1,
        null,
        null,
        1,
        1,
        null,
        null,
        1,
        1,
        null,
        null
      ],
      "/Users/Dio22/Makers_Academy/Weekly_Challenges/Week6_Makers_bnb/MakersBnB/spec/units/user_spec.rb": [
        1,
        null,
        1,
        null,
        1,
        3,
        null,
        null,
        1,
        1,
        null,
        null,
        1,
        2,
        null,
        null,
        1,
        1,
        2,
        null,
        null,
        null
      ]
    },
    "timestamp": 1478011154
  }
}
