{
  "RSpec": {
    "coverage": {
      "/Users/dagmarasz/MakersBnB/app/app.rb": [
        null,
        1,
        1,
        1,
        1,
        null,
        null,
        1,
        1,
        1,
        1,
        null,
        null,
        1,
        1,
        null,
        null,
        1,
        1,
        1,
        1,
        null,
        null,
        null,
        null,
        null,
        1,
        null
      ],
      "/Users/dagmarasz/MakersBnB/app/models/data_mapper_setup.rb": [
        1,
        1,
        null,
        1,
        1,
        null,
        null,
        1,
        1,
        1
      ],
      "/Users/dagmarasz/MakersBnB/app/models/user.rb": [
        1,
        1,
        1,
        null,
        1,
        null,
        1,
        1,
        null,
        1,
        null,
        1,
        null,
        1,
        null,
        null,
        1,
        null,
        1,
        1,
        1,
        null,
        null,
        1,
        2,
        null,
        2,
        1,
        null,
        null,
        null,
        null,
        null,
        1,
        11,
        11,
        null,
        null,
        null,
        null
      ],
      "/Users/dagmarasz/MakersBnB/app/models/space.rb": [
        1,
        1,
        null,
        1,
        1,
        null,
        1,
        1,
        1,
        1,
        1,
        null
      ],
      "/Users/dagmarasz/MakersBnB/spec/features/signup_spec.rb": [
        1,
        null,
        1,
        1,
        0,
        0,
        0,
        0,
        0,
        0,
        0,
        null,
        null
      ],
      "/Users/dagmarasz/MakersBnB/spec/units/space_spec.rb": [
        1,
        null,
        1,
        5,
        1,
        1,
        null,
        1,
        1,
        null,
        null,
        1,
        1,
        null,
        null,
        1,
        1,
        null,
        null
      ],
      "/Users/dagmarasz/MakersBnB/spec/units/user_spec.rb": [
        1,
        null,
        1,
        null,
        1,
        7,
        null,
        null,
        null,
        1,
        1,
        null,
        null,
        1,
        1,
        null,
        null,
        1,
        1,
        1,
        1,
        1,
        null,
        null,
        1,
        1,
        null,
        null,
        1,
        2,
        null,
        null,
        1,
        1,
        2,
        null,
        null,
        null,
        1,
        2,
        null,
        null
      ]
    },
    "timestamp": 1478012128
  }
}
